0 info it worked if it ends with ok
1 verbose cli [ 'C:\\Program Files (x86)\\nodejs\\node.exe',
1 verbose cli   'C:\\Program Files (x86)\\nodejs\\node_modules\\npm\\bin\\npm-cli.js',
1 verbose cli   'publish' ]
2 info using npm@3.10.10
3 info using node@v6.9.3
4 verbose publish [ '.' ]
5 silly cache add args [ '.', null ]
6 verbose cache add spec .
7 silly cache add parsed spec Result {
7 silly cache add   raw: '.',
7 silly cache add   scope: null,
7 silly cache add   escapedName: null,
7 silly cache add   name: null,
7 silly cache add   rawSpec: '.',
7 silly cache add   spec: 'C:\\Users\\nguye\\KountExample',
7 silly cache add   type: 'directory' }
8 verbose addLocalDirectory C:\Users\nguye\AppData\Roaming\npm-cache\KountExample\0.0.1\package.tgz not in flight; packing
9 verbose correctMkdir C:\Users\nguye\AppData\Roaming\npm-cache correctMkdir not in flight; initializing
10 info lifecycle KountExample@0.0.1~prepublish: KountExample@0.0.1
11 silly lifecycle KountExample@0.0.1~prepublish: no script for prepublish, continuing
12 verbose tar pack [ 'C:\\Users\\nguye\\AppData\\Roaming\\npm-cache\\KountExample\\0.0.1\\package.tgz',
12 verbose tar pack   'C:\\Users\\nguye\\KountExample' ]
13 verbose tarball C:\Users\nguye\AppData\Roaming\npm-cache\KountExample\0.0.1\package.tgz
14 verbose folder C:\Users\nguye\KountExample
15 verbose addLocalTarball adding from inside cache C:\Users\nguye\AppData\Roaming\npm-cache\KountExample\0.0.1\package.tgz
16 verbose correctMkdir C:\Users\nguye\AppData\Roaming\npm-cache correctMkdir not in flight; initializing
17 silly cache afterAdd KountExample@0.0.1
18 verbose afterAdd C:\Users\nguye\AppData\Roaming\npm-cache\KountExample\0.0.1\package\package.json not in flight; writing
19 verbose correctMkdir C:\Users\nguye\AppData\Roaming\npm-cache correctMkdir not in flight; initializing
20 verbose afterAdd C:\Users\nguye\AppData\Roaming\npm-cache\KountExample\0.0.1\package\package.json written
21 silly publish { name: 'KountExample',
21 silly publish   version: '0.0.1',
21 silly publish   description: 'Kount example',
21 silly publish   main: 'www/KountExample.js',
21 silly publish   scripts: { test: 'echo "Error: no test specified" && exit 1' },
21 silly publish   cordova: { id: 'cordova-plugin-kount-ex', platforms: [ 'android' ] },
21 silly publish   repository:
21 silly publish    { type: 'git',
21 silly publish      url: 'git+https://github.com/tanngo/kountex.git' },
21 silly publish   author:
21 silly publish    { name: '\'tanngo_1303@yahoo.com\'',
21 silly publish      email: '\'tanngo_1303@yahoo.com\'',
21 silly publish      url: 'http://kentcdodds.com/' },
21 silly publish   license: 'MIT',
21 silly publish   bugs: { url: 'https://github.com/tanngo/kountex/issues' },
21 silly publish   homepage: 'https://github.com/tanngo/kountex#readme',
21 silly publish   gitHead: '61f6128fd4dfacab9f06d9e1ff78d6627fd91354',
21 silly publish   readme: 'ERROR: No README data found!',
21 silly publish   _id: 'KountExample@0.0.1',
21 silly publish   _shasum: '6918de7b99eb95c58eaf71eddae053d2a9969207',
21 silly publish   _from: '.' }
22 verbose getPublishConfig undefined
23 silly mapToRegistry name KountExample
24 silly mapToRegistry using default registry
25 silly mapToRegistry registry https://registry.npmjs.org/
26 silly mapToRegistry data Result {
26 silly mapToRegistry   raw: 'KountExample',
26 silly mapToRegistry   scope: null,
26 silly mapToRegistry   escapedName: 'KountExample',
26 silly mapToRegistry   name: 'KountExample',
26 silly mapToRegistry   rawSpec: '',
26 silly mapToRegistry   spec: 'latest',
26 silly mapToRegistry   type: 'tag' }
27 silly mapToRegistry uri https://registry.npmjs.org/KountExample
28 verbose publish registryBase https://registry.npmjs.org/
29 silly publish uploading C:\Users\nguye\AppData\Roaming\npm-cache\KountExample\0.0.1\package.tgz
30 verbose request uri https://registry.npmjs.org/KountExample
31 verbose request sending authorization for write operation
32 info attempt registry request try #1 at 4:09:16 PM
33 verbose request using bearer token for auth
34 verbose request id 8ab600b9bd9f5066
35 http request PUT https://registry.npmjs.org/KountExample
36 http 400 https://registry.npmjs.org/KountExample
37 verbose headers { 'content-type': 'application/json',
37 verbose headers   'cache-control': 'max-age=300',
37 verbose headers   'content-length': '55',
37 verbose headers   'accept-ranges': 'bytes',
37 verbose headers   date: 'Thu, 12 Jan 2017 09:09:13 GMT',
37 verbose headers   via: '1.1 varnish',
37 verbose headers   connection: 'keep-alive',
37 verbose headers   'x-served-by': 'cache-sin6920-SIN',
37 verbose headers   'x-cache': 'MISS',
37 verbose headers   'x-cache-hits': '0',
37 verbose headers   'x-timer': 'S1484212152.911493,VS0,VE1065',
37 verbose headers   vary: 'Accept-Encoding' }
38 verbose request invalidating C:\Users\nguye\AppData\Roaming\npm-cache\registry.npmjs.org\KountExample on PUT
39 error publish Failed PUT 400
40 verbose stack Error: "name must be lower case" : KountExample
40 verbose stack     at makeError (C:\Program Files (x86)\nodejs\node_modules\npm\node_modules\npm-registry-client\lib\request.js:302:12)
40 verbose stack     at CachingRegistryClient.<anonymous> (C:\Program Files (x86)\nodejs\node_modules\npm\node_modules\npm-registry-client\lib\request.js:290:14)
40 verbose stack     at Request._callback (C:\Program Files (x86)\nodejs\node_modules\npm\node_modules\npm-registry-client\lib\request.js:210:14)
40 verbose stack     at Request.self.callback (C:\Program Files (x86)\nodejs\node_modules\npm\node_modules\request\request.js:187:22)
40 verbose stack     at emitTwo (events.js:106:13)
40 verbose stack     at Request.emit (events.js:191:7)
40 verbose stack     at Request.<anonymous> (C:\Program Files (x86)\nodejs\node_modules\npm\node_modules\request\request.js:1048:10)
40 verbose stack     at emitOne (events.js:96:13)
40 verbose stack     at Request.emit (events.js:188:7)
40 verbose stack     at IncomingMessage.<anonymous> (C:\Program Files (x86)\nodejs\node_modules\npm\node_modules\request\request.js:969:12)
41 verbose statusCode 400
42 verbose pkgid KountExample
43 verbose cwd C:\Users\nguye\KountExample
44 error Windows_NT 10.0.14393
45 error argv "C:\\Program Files (x86)\\nodejs\\node.exe" "C:\\Program Files (x86)\\nodejs\\node_modules\\npm\\bin\\npm-cli.js" "publish"
46 error node v6.9.3
47 error npm  v3.10.10
48 error code E400
49 error "name must be lower case" : KountExample
50 error If you need help, you may report this error at:
50 error     <https://github.com/npm/npm/issues>
51 verbose exit [ 1, true ]
